<?xml version="1.0" encoding="UTF-8"?>
<!-- Generated by org.testng.reporters.JUnitXMLReporter -->
<testsuite hostname="Eugenio-PC" name="Default test" tests="3" failures="0" timestamp="15 Sep 2015 06:58:38 GMT" time="209.222" errors="0">
  <testcase name="loginTest" time="57.696" classname="insynctive.tests.PersonFileTest"/>
  <testcase name="createPersonTest" time="81.871" classname="insynctive.tests.PersonFileTest"/>
  <testcase name="addSocialSecurityNumber" time="69.314" classname="insynctive.tests.PersonFileTest"/>
</testsuite> <!-- Default test -->
